DEBUG 2023-05-31 15:21:54.949 UTC: 	 CRAB Client version: v3.230417
DEBUG 2023-05-31 15:21:54.949 UTC: 	 Running on: Linux lxplus753.cern.ch 3.10.0-1160.88.1.el7.x86_64 #1 SMP Tue Mar 7 15:41:52 UTC 2023 x86_64 x86_64 x86_64 GNU/Linux - CentOS Linux 7 (Core)
DEBUG 2023-05-31 15:21:54.949 UTC: 	 Executing command: 'submit'
DEBUG 2023-05-31 15:21:54.949 UTC: 	 Found CRAB cache file /afs/cern.ch/user/a/acagnott/.crab3
INFO 2023-05-31 15:21:54.950 UTC: 	 Will use CRAB configuration file crab_cfg.py
DEBUG 2023-05-31 15:21:54.950 UTC: 	 Loading CRAB configuration file.
DEBUG 2023-05-31 15:21:54.992 UTC: 	 Will use CRAB Analysis plugin (i.e. will run an analysis job type).
DEBUG 2023-05-31 15:21:55.001 UTC: 	 Checking credentials
DEBUG 2023-05-31 15:21:55.001 UTC: 	 Found proxy file /tmp/x509up_u140541
DEBUG 2023-05-31 15:21:55.001 UTC: 	 Making sure it has proper VOMS extension
DEBUG 2023-05-31 15:21:55.001 UTC: 	 Executing command :
 voms-proxy-info --vo --file /tmp/x509up_u140541
DEBUG 2023-05-31 15:21:55.392 UTC: 	 output : cms

 error: 
 retcode : 0
DEBUG 2023-05-31 15:21:55.392 UTC: 	 Getting proxy life time left
DEBUG 2023-05-31 15:21:55.392 UTC: 	 Executing command :
 voms-proxy-info --actimeleft --timeleft --file /tmp/x509up_u140541
DEBUG 2023-05-31 15:21:55.783 UTC: 	 output : 43170
43170

 error: 
 retcode : 0
DEBUG 2023-05-31 15:21:55.783 UTC: 	 Proxy valid for 11:59:30 hours
DEBUG 2023-05-31 15:21:55.828 UTC: 	 Encoded data for curl request: subresource=delegatedn
DEBUG 2023-05-31 15:21:55.829 UTC: 	 Executing command :
 curl -v -X GET -H "User-Agent: CRABClient/v3.230417" -H "Accept: */*" --data @/tmp/crab_curlDatarljmdvwc --cert "/tmp/x509up_u140541" --key "/tmp/x509up_u140541" --capath "/etc/grid-security/certificates/" "https://cmsweb.cern.ch:8443/crabserver/prod/info?subresource=delegatedn" | tee /dev/stderr 
DEBUG 2023-05-31 15:21:55.871 UTC: 	 output : {"result": [
 {"services": ["/DC=ch/DC=cern/OU=computers/CN=crab-(preprod|prod|dev)-tw(01|02|03).cern.ch|/DC=ch/DC=cern/OU=computers/CN=stefanov(m|m2).cern.ch|/DC=ch/DC=cern/OU=computers/CN=dciangot-tw.cern.ch"]}
]}

 error:   % Total    % Received % Xferd  Average Speed   Time    Time     Time  Current
                                 Dload  Upload   Total   Spent    Left  Speed
  0     0    0     0    0     0      0      0 --:--:-- --:--:-- --:--:--     0*   Trying 188.185.89.202:8443...
* Connected to cmsweb.cern.ch (188.185.89.202) port 8443 (#0)
* ALPN, offering http/1.1
* Cipher selection: ALL:!EXPORT:!EXPORT40:!EXPORT56:!aNULL:!LOW:!RC4:@STRENGTH
* successfully set certificate verify locations:
*  CAfile: /etc/pki/tls/certs/ca-bundle.crt
*  CApath: /etc/grid-security/certificates/
* TLSv1.2 (OUT), TLS header, Certificate Status (22):
} [5 bytes data]
* TLSv1.2 (OUT), TLS handshake, Client hello (1):
} [512 bytes data]
* TLSv1.2 (IN), TLS handshake, Server hello (2):
{ [109 bytes data]
* TLSv1.2 (IN), TLS handshake, Certificate (11):
{ [6240 bytes data]
* TLSv1.2 (IN), TLS handshake, Server key exchange (12):
{ [333 bytes data]
* TLSv1.2 (IN), TLS handshake, Request CERT (13):
{ [13122 bytes data]
* TLSv1.2 (IN), TLS handshake, Server finished (14):
{ [4 bytes data]
* TLSv1.2 (OUT), TLS handshake, Certificate (11):
} [6807 bytes data]
* TLSv1.2 (OUT), TLS handshake, Client key exchange (16):
} [70 bytes data]
* TLSv1.2 (OUT), TLS handshake, CERT verify (15):
} [264 bytes data]
* TLSv1.2 (OUT), TLS change cipher, Change cipher spec (1):
} [1 bytes data]
* TLSv1.2 (OUT), TLS handshake, Finished (20):
} [16 bytes data]
* TLSv1.2 (IN), TLS change cipher, Change cipher spec (1):
{ [1 bytes data]
* TLSv1.2 (IN), TLS handshake, Finished (20):
{ [16 bytes data]
* SSL connection using TLSv1.2 / ECDHE-RSA-AES128-GCM-SHA256
* ALPN, server accepted to use http/1.1
* Server certificate:
*  subject: DC=ch; DC=cern; OU=computers; CN=cmsweb.cern.ch
*  start date: Feb 28 02:56:51 2023 GMT
*  expire date: Apr  3 02:56:51 2024 GMT
*  subjectAltName: host "cmsweb.cern.ch" matched cert's "cmsweb.cern.ch"
*  issuer: DC=ch; DC=cern; CN=CERN Grid Certification Authority
*  SSL certificate verify ok.
} [5 bytes data]
> GET /crabserver/prod/info?subresource=delegatedn HTTP/1.1
> Host: cmsweb.cern.ch:8443
> User-Agent: CRABClient/v3.230417
> Accept: */*
> Content-Length: 22
> Content-Type: application/x-www-form-urlencoded
> 
} [22 bytes data]
* Mark bundle as not supporting multiuse
< HTTP/1.1 200 OK
< Date: Wed, 31 May 2023 15:21:55 GMT
< Server: Apache
< Content-Type: application/json
< Content-Length: 216
< Vary: Accept
< Cache-Control: max-age=3600
< X-Rest-Status: 100
< Etag: "531fb58a933656ea08a7f418b273fdae3c95932a"
< X-Rest-Time: 3764.153 us
< CMS-Server-Time: D=10773 t=1685546515857749
< 
{ [5 bytes data]
100   238  100   216  100    22   8298    845 --:--:-- --:--:-- --:--:--  9520
* Connection #0 to host cmsweb.cern.ch left intact
{"result": [
 {"services": ["/DC=ch/DC=cern/OU=computers/CN=crab-(preprod|prod|dev)-tw(01|02|03).cern.ch|/DC=ch/DC=cern/OU=computers/CN=stefanov(m|m2).cern.ch|/DC=ch/DC=cern/OU=computers/CN=dciangot-tw.cern.ch"]}
]}

 retcode : 0
DEBUG 2023-05-31 15:21:55.872 UTC: 	 Registering user credentials on myproxy for /DC=ch/DC=cern/OU=computers/CN=crab-(preprod|prod|dev)-tw(01|02|03).cern.ch|/DC=ch/DC=cern/OU=computers/CN=stefanov(m|m2).cern.ch|/DC=ch/DC=cern/OU=computers/CN=dciangot-tw.cern.ch
DEBUG 2023-05-31 15:21:55.872 UTC: 	 Executing command :
 voms-proxy-info --identity --file /tmp/x509up_u140541
DEBUG 2023-05-31 15:21:56.256 UTC: 	 output : /DC=ch/DC=cern/OU=Organic Units/OU=Users/CN=acagnott/CN=851987/CN=Antimo Cagnotta

 error: 
 retcode : 0
DEBUG 2023-05-31 15:21:56.256 UTC: 	 Getting myproxy life time left for 4fd53104c365551345582c80cf71c7dda8988104
DEBUG 2023-05-31 15:21:56.256 UTC: 	 Executing command :
 myproxy-info -s myproxy.cern.ch -l 4fd53104c365551345582c80cf71c7dda8988104
DEBUG 2023-05-31 15:21:56.530 UTC: 	 output : username: 4fd53104c365551345582c80cf71c7dda8988104
owner: /DC=ch/DC=cern/OU=Organic Units/OU=Users/CN=acagnott/CN=851987/CN=Antimo Cagnotta
  renewal policy: /DC=ch/DC=cern/OU=computers/CN=crab-(preprod|prod|dev)-tw(01|02|03).cern.ch|/DC=ch/DC=cern/OU=computers/CN=stefanov(m|m2).cern.ch|/DC=ch/DC=cern/OU=computers/CN=dciangot-tw.cern.ch
  trusted retrieval policy: /DC=ch/DC=cern/OU=computers/CN=crab-(preprod|prod|dev)-tw(01|02|03).cern.ch|/DC=ch/DC=cern/OU=computers/CN=stefanov(m|m2).cern.ch|/DC=ch/DC=cern/OU=computers/CN=dciangot-tw.cern.ch
  timeleft: 688:18:13  (28.7 days)

 error: 
 retcode : 0
DEBUG 2023-05-31 15:21:56.530 UTC: 	 Myproxy is valid: 2477880
DEBUG 2023-05-31 15:21:56.530 UTC: 	 Result of myproxy credential check:
  Credential exists on myproxy: username: 4fd53104c365551345582c80cf71c7dda8988104  - validity: 28 days, 16:18:00
DEBUG 2023-05-31 15:21:56.530 UTC: 	 Command use: submit
DEBUG 2023-05-31 15:21:56.530 UTC: 	 Options use: ['-c', 'crab_cfg.py']
DEBUG 2023-05-31 15:21:56.530 UTC: 	 Encoded data for curl request: subresource=version
DEBUG 2023-05-31 15:21:56.531 UTC: 	 Executing command :
 curl -v -X GET -H "User-Agent: CRABClient/v3.230417" -H "Accept: */*" --data @/tmp/crab_curlData83bj8749 --cert "/tmp/x509up_u140541" --key "/tmp/x509up_u140541" --capath "/etc/grid-security/certificates/" "https://cmsweb.cern.ch:8443/crabserver/prod/info?subresource=version" | tee /dev/stderr 
DEBUG 2023-05-31 15:21:56.572 UTC: 	 output : {"result": [
 ["3.3.19", "3.3.20", "v3", "development", "v3.230504"]
]}

 error:   % Total    % Received % Xferd  Average Speed   Time    Time     Time  Current
                                 Dload  Upload   Total   Spent    Left  Speed
  0     0    0     0    0     0      0      0 --:--:-- --:--:-- --:--:--     0*   Trying 188.185.89.202:8443...
* Connected to cmsweb.cern.ch (188.185.89.202) port 8443 (#0)
* ALPN, offering http/1.1
* Cipher selection: ALL:!EXPORT:!EXPORT40:!EXPORT56:!aNULL:!LOW:!RC4:@STRENGTH
* successfully set certificate verify locations:
*  CAfile: /etc/pki/tls/certs/ca-bundle.crt
*  CApath: /etc/grid-security/certificates/
* TLSv1.2 (OUT), TLS header, Certificate Status (22):
} [5 bytes data]
* TLSv1.2 (OUT), TLS handshake, Client hello (1):
} [512 bytes data]
* TLSv1.2 (IN), TLS handshake, Server hello (2):
{ [109 bytes data]
* TLSv1.2 (IN), TLS handshake, Certificate (11):
{ [6240 bytes data]
* TLSv1.2 (IN), TLS handshake, Server key exchange (12):
{ [333 bytes data]
* TLSv1.2 (IN), TLS handshake, Request CERT (13):
{ [13122 bytes data]
* TLSv1.2 (IN), TLS handshake, Server finished (14):
{ [4 bytes data]
* TLSv1.2 (OUT), TLS handshake, Certificate (11):
} [6807 bytes data]
* TLSv1.2 (OUT), TLS handshake, Client key exchange (16):
} [70 bytes data]
* TLSv1.2 (OUT), TLS handshake, CERT verify (15):
} [264 bytes data]
* TLSv1.2 (OUT), TLS change cipher, Change cipher spec (1):
} [1 bytes data]
* TLSv1.2 (OUT), TLS handshake, Finished (20):
} [16 bytes data]
* TLSv1.2 (IN), TLS change cipher, Change cipher spec (1):
{ [1 bytes data]
* TLSv1.2 (IN), TLS handshake, Finished (20):
{ [16 bytes data]
* SSL connection using TLSv1.2 / ECDHE-RSA-AES128-GCM-SHA256
* ALPN, server accepted to use http/1.1
* Server certificate:
*  subject: DC=ch; DC=cern; OU=computers; CN=cmsweb.cern.ch
*  start date: Feb 28 02:56:51 2023 GMT
*  expire date: Apr  3 02:56:51 2024 GMT
*  subjectAltName: host "cmsweb.cern.ch" matched cert's "cmsweb.cern.ch"
*  issuer: DC=ch; DC=cern; CN=CERN Grid Certification Authority
*  SSL certificate verify ok.
} [5 bytes data]
> GET /crabserver/prod/info?subresource=version HTTP/1.1
> Host: cmsweb.cern.ch:8443
> User-Agent: CRABClient/v3.230417
> Accept: */*
> Content-Length: 19
> Content-Type: application/x-www-form-urlencoded
> 
} [19 bytes data]
* Mark bundle as not supporting multiuse
< HTTP/1.1 200 OK
< Date: Wed, 31 May 2023 15:21:56 GMT
< Server: Apache
< Content-Type: application/json
< Content-Length: 72
< Vary: Accept
< Cache-Control: max-age=3600
< X-Rest-Status: 100
< Etag: "63f3e3aba51685849350eabf1b77b9be151d379c"
< X-Rest-Time: 2926.111 us
< CMS-Server-Time: D=10652 t=1685546516558802
< 
{ [5 bytes data]
100    91  100    72  100    19   2725    719 --:--:-- --:--:-- --:--:--  3500
* Connection #0 to host cmsweb.cern.ch left intact
{"result": [
 ["3.3.19", "3.3.20", "v3", "development", "v3.230504"]
]}

 retcode : 0
DEBUG 2023-05-31 15:21:56.572 UTC: 	 CRABClient version: v3.230417
DEBUG 2023-05-31 15:21:56.572 UTC: 	 Instance is prod
DEBUG 2023-05-31 15:21:56.572 UTC: 	 Server base url is cmsweb.cern.ch
DEBUG 2023-05-31 15:21:56.572 UTC: 	 Command api workflow
DEBUG 2023-05-31 15:21:56.573 UTC: 	 Started submission
DEBUG 2023-05-31 15:21:56.573 UTC: 	 Working on /afs/cern.ch/work/a/acagnott/CMSSW_12_4_7/src/PhysicsTools/NanoAODTools/crab/crab_DataHTF_2022
DEBUG 2023-05-31 15:21:56.573 UTC: 	 Encoded data for curl request: subresource=backendurls
DEBUG 2023-05-31 15:21:56.573 UTC: 	 Executing command :
 curl -v -X GET -H "User-Agent: CRABClient/v3.230417" -H "Accept: */*" --data @/tmp/crab_curlDatakaq_5tc3 --cert "/tmp/x509up_u140541" --key "/tmp/x509up_u140541" --capath "/etc/grid-security/certificates/" "https://cmsweb.cern.ch:8443/crabserver/prod/info?subresource=backendurls" | tee /dev/stderr 
DEBUG 2023-05-31 15:21:56.612 UTC: 	 output : {"result": [
 {"cacheSSL": "https://cmsweb.cern.ch/S3/crabcache_prod", "htcondorSchedds": {"crab3@vocms059.cern.ch": {"proxiedurl": "https://cmsweb.cern.ch:8443/scheddmon/059", "weightfactor": 0}, "crab3@vocms068.cern.ch": {"proxiedurl": "https://cmsweb.cern.ch:8443/scheddmon/068", "weightfactor": 1}, "crab3@vocms069.cern.ch": {"proxiedurl": "https://cmsweb.cern.ch:8443/scheddmon/069", "weightfactor": 1}, "crab3@vocms0106.cern.ch": {"proxiedurl": "https://cmsweb.cern.ch:8443/scheddmon/0106", "weightfactor": 1}, "crab3@vocms0107.cern.ch": {"proxiedurl": "https://cmsweb.cern.ch:8443/scheddmon/0107", "weightfactor": 1}, "crab3@vocms0119.cern.ch": {"proxiedurl": "https://cmsweb.cern.ch:8443/scheddmon/0119", "weightfactor": 1}, "crab3@vocms0120.cern.ch": {"proxiedurl": "https://cmsweb.cern.ch:8443/scheddmon/0120", "weightfactor": 1}, "crab3@vocms0121.cern.ch": {"proxiedurl": "https://cmsweb.cern.ch:8443/scheddmon/0121", "weightfactor": 1}, "crab3@vocms0122.cern.ch": {"proxiedurl": "https://cmsweb.cern.ch:8443/scheddmon/0122", "weightfactor": 1}, "crab3@vocms0137.cern.ch": {"proxiedurl": "https://cmsweb.cern.ch:8443/scheddmon/0137", "weightfactor": 1}, "crab3@vocms0144.cern.ch": {"proxiedurl": "https://cmsweb.cern.ch:8443/scheddmon/0144", "weightfactor": 1}, "crab3@vocms0155.cern.ch": {"proxiedurl": "https://cmsweb.cern.ch:8443/scheddmon/0155", "weightfactor": 1}, "crab3@vocms0194.cern.ch": {"proxiedurl": "https://cmsweb.cern.ch:8443/scheddmon/0194", "weightfactor": 1}, "crab3@vocms0195.cern.ch": {"proxiedurl": "https://cmsweb.cern.ch:8443/scheddmon/0195", "weightfactor": 1}, "crab3@vocms0196.cern.ch": {"proxiedurl": "https://cmsweb.cern.ch:8443/scheddmon/0196", "weightfactor": 1}, "crab3@vocms0197.cern.ch": {"proxiedurl": "https://cmsweb.cern.ch:8443/scheddmon/0197", "weightfactor": 1}, "crab3@vocms0198.cern.ch": {"proxiedurl": "https://cmsweb.cern.ch:8443/scheddmon/0198", "weightfactor": 1}, "crab3@vocms0199.cern.ch": {"proxiedurl": "https://cmsweb.cern.ch:8443/scheddmon/0199", "weightfactor": 1}, "crab3@crab-preprod-scd03.cern.ch": {"proxiedurl": "https://cmsweb.cern.ch:8443/scheddmon/crab-preprod-scd03", "weightfactor": 0}}, "htcondorPool": "cmsgwms-collector-global.cern.ch:9620,cmsgwms-collector-global.fnal.gov:9620"}
]}

 error:   % Total    % Received % Xferd  Average Speed   Time    Time     Time  Current
                                 Dload  Upload   Total   Spent    Left  Speed
  0     0    0     0    0     0      0      0 --:--:-- --:--:-- --:--:--     0*   Trying 188.185.89.202:8443...
* Connected to cmsweb.cern.ch (188.185.89.202) port 8443 (#0)
* ALPN, offering http/1.1
* Cipher selection: ALL:!EXPORT:!EXPORT40:!EXPORT56:!aNULL:!LOW:!RC4:@STRENGTH
* successfully set certificate verify locations:
*  CAfile: /etc/pki/tls/certs/ca-bundle.crt
*  CApath: /etc/grid-security/certificates/
* TLSv1.2 (OUT), TLS header, Certificate Status (22):
} [5 bytes data]
* TLSv1.2 (OUT), TLS handshake, Client hello (1):
} [512 bytes data]
* TLSv1.2 (IN), TLS handshake, Server hello (2):
{ [109 bytes data]
* TLSv1.2 (IN), TLS handshake, Certificate (11):
{ [6240 bytes data]
* TLSv1.2 (IN), TLS handshake, Server key exchange (12):
{ [333 bytes data]
* TLSv1.2 (IN), TLS handshake, Request CERT (13):
{ [13122 bytes data]
* TLSv1.2 (IN), TLS handshake, Server finished (14):
{ [4 bytes data]
* TLSv1.2 (OUT), TLS handshake, Certificate (11):
} [6807 bytes data]
* TLSv1.2 (OUT), TLS handshake, Client key exchange (16):
} [70 bytes data]
* TLSv1.2 (OUT), TLS handshake, CERT verify (15):
} [264 bytes data]
* TLSv1.2 (OUT), TLS change cipher, Change cipher spec (1):
} [1 bytes data]
* TLSv1.2 (OUT), TLS handshake, Finished (20):
} [16 bytes data]
* TLSv1.2 (IN), TLS change cipher, Change cipher spec (1):
{ [1 bytes data]
* TLSv1.2 (IN), TLS handshake, Finished (20):
{ [16 bytes data]
* SSL connection using TLSv1.2 / ECDHE-RSA-AES128-GCM-SHA256
* ALPN, server accepted to use http/1.1
* Server certificate:
*  subject: DC=ch; DC=cern; OU=computers; CN=cmsweb.cern.ch
*  start date: Feb 28 02:56:51 2023 GMT
*  expire date: Apr  3 02:56:51 2024 GMT
*  subjectAltName: host "cmsweb.cern.ch" matched cert's "cmsweb.cern.ch"
*  issuer: DC=ch; DC=cern; CN=CERN Grid Certification Authority
*  SSL certificate verify ok.
} [5 bytes data]
> GET /crabserver/prod/info?subresource=backendurls HTTP/1.1
> Host: cmsweb.cern.ch:8443
> User-Agent: CRABClient/v3.230417
> Accept: */*
> Content-Length: 23
> Content-Type: application/x-www-form-urlencoded
> 
} [23 bytes data]
* Mark bundle as not supporting multiuse
< HTTP/1.1 200 OK
< Date: Wed, 31 May 2023 15:21:56 GMT
< Server: Apache
< Content-Type: application/json
< Content-Length: 2260
< Vary: Accept
< Cache-Control: max-age=3600
< X-Rest-Status: 100
< Etag: "54594f7741620a590cf934e274196c47e3ab9b81"
< X-Rest-Time: 3180.981 us
< CMS-Server-Time: D=9660 t=1685546516599796
< 
{ [5 bytes data]
100  2283  100  2260  100    23  90018    916 --:--:-- --:--:-- --:--:-- 95125
* Connection #0 to host cmsweb.cern.ch left intact
{"result": [
 {"cacheSSL": "https://cmsweb.cern.ch/S3/crabcache_prod", "htcondorSchedds": {"crab3@vocms059.cern.ch": {"proxiedurl": "https://cmsweb.cern.ch:8443/scheddmon/059", "weightfactor": 0}, "crab3@vocms068.cern.ch": {"proxiedurl": "https://cmsweb.cern.ch:8443/scheddmon/068", "weightfactor": 1}, "crab3@vocms069.cern.ch": {"proxiedurl": "https://cmsweb.cern.ch:8443/scheddmon/069", "weightfactor": 1}, "crab3@vocms0106.cern.ch": {"proxiedurl": "https://cmsweb.cern.ch:8443/scheddmon/0106", "weightfactor": 1}, "crab3@vocms0107.cern.ch": {"proxiedurl": "https://cmsweb.cern.ch:8443/scheddmon/0107", "weightfactor": 1}, "crab3@vocms0119.cern.ch": {"proxiedurl": "https://cmsweb.cern.ch:8443/scheddmon/0119", "weightfactor": 1}, "crab3@vocms0120.cern.ch": {"proxiedurl": "https://cmsweb.cern.ch:8443/scheddmon/0120", "weightfactor": 1}, "crab3@vocms0121.cern.ch": {"proxiedurl": "https://cmsweb.cern.ch:8443/scheddmon/0121", "weightfactor": 1}, "crab3@vocms0122.cern.ch": {"proxiedurl": "https://cmsweb.cern.ch:8443/scheddmon/0122", "weightfactor": 1}, "crab3@vocms0137.cern.ch": {"proxiedurl": "https://cmsweb.cern.ch:8443/scheddmon/0137", "weightfactor": 1}, "crab3@vocms0144.cern.ch": {"proxiedurl": "https://cmsweb.cern.ch:8443/scheddmon/0144", "weightfactor": 1}, "crab3@vocms0155.cern.ch": {"proxiedurl": "https://cmsweb.cern.ch:8443/scheddmon/0155", "weightfactor": 1}, "crab3@vocms0194.cern.ch": {"proxiedurl": "https://cmsweb.cern.ch:8443/scheddmon/0194", "weightfactor": 1}, "crab3@vocms0195.cern.ch": {"proxiedurl": "https://cmsweb.cern.ch:8443/scheddmon/0195", "weightfactor": 1}, "crab3@vocms0196.cern.ch": {"proxiedurl": "https://cmsweb.cern.ch:8443/scheddmon/0196", "weightfactor": 1}, "crab3@vocms0197.cern.ch": {"proxiedurl": "https://cmsweb.cern.ch:8443/scheddmon/0197", "weightfactor": 1}, "crab3@vocms0198.cern.ch": {"proxiedurl": "https://cmsweb.cern.ch:8443/scheddmon/0198", "weightfactor": 1}, "crab3@vocms0199.cern.ch": {"proxiedurl": "https://cmsweb.cern.ch:8443/scheddmon/0199", "weightfactor": 1}, "crab3@crab-preprod-scd03.cern.ch": {"proxiedurl": "https://cmsweb.cern.ch:8443/scheddmon/crab-preprod-scd03", "weightfactor": 0}}, "htcondorPool": "cmsgwms-collector-global.cern.ch:9620,cmsgwms-collector-global.fnal.gov:9620"}
]}

 retcode : 0
DEBUG 2023-05-31 15:21:56.671 UTC: 	 Loading required information from the environment
DEBUG 2023-05-31 15:21:56.671 UTC: 	 Found CMSSW_12_4_7 for slc7_amd64_gcc10 with base /afs/cern.ch/work/a/acagnott/CMSSW_12_4_7
DEBUG 2023-05-31 15:21:56.671 UTC: 	 Loading required information from the environment
DEBUG 2023-05-31 15:21:56.671 UTC: 	 Found CMSSW_12_4_7 for slc7_amd64_gcc10 with base /afs/cern.ch/work/a/acagnott/CMSSW_12_4_7
DEBUG 2023-05-31 15:21:56.671 UTC: 	 UNIQUE NAME: tarUUID 47e644cf-a961-4d2f-bc2f-e8d587893332 
DEBUG 2023-05-31 15:21:56.671 UTC: 	 self.config: from WMCore.Configuration import Configuration
config = Configuration()
config.section_('General')
config.General.transferLogs = True
config.General.requestName = 'DataHTF_2022'
config.section_('JobType')
config.JobType.psetName = 'PSet.py'
config.JobType.scriptExe = 'crab_script.sh'
config.JobType.sendPythonFolder = True
config.JobType.inputFiles = ['crab_script.py', '../scripts/haddnano.py', '../scripts/keep_and_drop.txt']
config.JobType.pluginName = 'Analysis'
config.section_('Data')
config.Data.allowNonValidInputDataset = True
config.Data.outLFNDirBase = '/store/user/acagnott/DM_Run3_v0'
config.Data.splitting = 'LumiBased'
config.Data.inputDataset = '/JetMET/Run2022F-PromptNanoAODv10_v1-v2/NANOAOD'
config.Data.outputDatasetTag = 'DataHTF_2022'
config.Data.unitsPerJob = 500
config.Data.inputDBS = 'global'
config.Data.publication = False
config.section_('Site')
config.Site.storageSite = 'T2_IT_Pisa'

DEBUG 2023-05-31 15:21:56.671 UTC: 	 self.config.JobType.psetName: PSet.py
INFO 2023-05-31 15:21:56.672 UTC: 	 Importing CMSSW configuration PSet.py
INFO 2023-05-31 15:21:56.795 UTC: 	 Finished importing CMSSW configuration PSet.py
DEBUG 2023-05-31 15:21:56.795 UTC: 	 Writing CMSSW configuration to /afs/cern.ch/work/a/acagnott/CMSSW_12_4_7/src/PhysicsTools/NanoAODTools/crab/crab_DataHTF_2022/inputs/PSet.py
DEBUG 2023-05-31 15:21:56.802 UTC: 	 The following EDM output files will be collected: ['tree_hadd.root']
DEBUG 2023-05-31 15:21:56.802 UTC: 	 The following TFile output files will be collected: []
DEBUG 2023-05-31 15:21:56.802 UTC: 	 The following user output files (not listed as PoolOuputModule or TFileService in the CMSSW PSet) will be collected: 
DEBUG 2023-05-31 15:21:56.802 UTC: 	 Loading required information from the environment
DEBUG 2023-05-31 15:21:56.802 UTC: 	 Found CMSSW_12_4_7 for slc7_amd64_gcc10 with base /afs/cern.ch/work/a/acagnott/CMSSW_12_4_7
DEBUG 2023-05-31 15:21:56.802 UTC: 	 Making tarball in /afs/cern.ch/work/a/acagnott/CMSSW_12_4_7/src/PhysicsTools/NanoAODTools/crab/crab_DataHTF_2022/inputs/47e644cf-a961-4d2f-bc2f-e8d587893332default.tgz
DEBUG 2023-05-31 15:21:56.803 UTC: 	 Checking directory /afs/cern.ch/work/a/acagnott/CMSSW_12_4_7/lib
DEBUG 2023-05-31 15:21:56.803 UTC: 	 Adding directory /afs/cern.ch/work/a/acagnott/CMSSW_12_4_7/lib to tarball
DEBUG 2023-05-31 15:21:56.860 UTC: 	 Checking directory /afs/cern.ch/work/a/acagnott/CMSSW_12_4_7/biglib
DEBUG 2023-05-31 15:21:56.860 UTC: 	 Adding directory /afs/cern.ch/work/a/acagnott/CMSSW_12_4_7/biglib to tarball
DEBUG 2023-05-31 15:21:56.862 UTC: 	 Checking directory /afs/cern.ch/work/a/acagnott/CMSSW_12_4_7/module
DEBUG 2023-05-31 15:21:56.862 UTC: 	 Checking directory /afs/cern.ch/work/a/acagnott/CMSSW_12_4_7/python
DEBUG 2023-05-31 15:21:56.862 UTC: 	 Adding directory /afs/cern.ch/work/a/acagnott/CMSSW_12_4_7/python to tarball
DEBUG 2023-05-31 15:22:03.223 UTC: 	 Checking directory /afs/cern.ch/work/a/acagnott/CMSSW_12_4_7/cfipython
DEBUG 2023-05-31 15:22:03.224 UTC: 	 Adding directory /afs/cern.ch/work/a/acagnott/CMSSW_12_4_7/cfipython to tarball
DEBUG 2023-05-31 15:22:05.594 UTC: 	 Adding data directory /afs/cern.ch/work/a/acagnott/CMSSW_12_4_7/src/PhysicsTools/NanoAODTools/data to tarball
DEBUG 2023-05-31 15:22:19.621 UTC: 	 Adding data directory /afs/cern.ch/work/a/acagnott/CMSSW_12_4_7/src/PhysicsTools/NanoAODTools/interface to tarball
DEBUG 2023-05-31 15:22:19.635 UTC: 	 Adding data directory /afs/cern.ch/work/a/acagnott/CMSSW_12_4_7/src/PhysicsTools/NanoAODTools/python to tarball
DEBUG 2023-05-31 15:22:21.284 UTC: 	 Adding data directory /afs/cern.ch/work/a/acagnott/CMSSW_12_4_7/src/PhysicsTools/NanoAODTools/python/postprocessing/data to tarball
DEBUG 2023-05-31 15:22:22.708 UTC: 	 Adding file crab_script.py to tarball
DEBUG 2023-05-31 15:22:22.709 UTC: 	 Adding file ../scripts/haddnano.py to tarball
DEBUG 2023-05-31 15:22:22.710 UTC: 	 Adding file ../scripts/keep_and_drop.txt to tarball
DEBUG 2023-05-31 15:22:27.054 UTC: 	 Uploading archive /afs/cern.ch/work/a/acagnott/CMSSW_12_4_7/src/PhysicsTools/NanoAODTools/crab/crab_DataHTF_2022/inputs/47e644cf-a961-4d2f-bc2f-e8d587893332default.tgz (86 MB) to the CRAB cache. Using URI https://cmsweb.cern.ch/S3/crabcache_prod
DEBUG 2023-05-31 15:22:43.272 UTC: 	 Encoded data for curl request: subresource=upload&objecttype=sandbox&tarballname=1e4f77718acda7e9262a7d3744aaf1da9a519d9ae0bf51f6d78040cec52c87af.tar.gz
DEBUG 2023-05-31 15:22:43.273 UTC: 	 Executing command :
 curl -v -X GET -H "User-Agent: CRABClient/v3.230417" -H "Accept: */*" --data @/tmp/crab_curlData2_p26_am --cert "/tmp/x509up_u140541" --key "/tmp/x509up_u140541" --capath "/etc/grid-security/certificates/" "https://cmsweb.cern.ch:8443/crabserver/prod/cache?subresource=upload&objecttype=sandbox&tarballname=1e4f77718acda7e9262a7d3744aaf1da9a519d9ae0bf51f6d78040cec52c87af.tar.gz" | tee /dev/stderr 
DEBUG 2023-05-31 15:22:43.369 UTC: 	 output : {"result": [
 "https://s3.cern.ch/crabcache_prod"
,{"key": "acagnott/sandboxes/1e4f77718acda7e9262a7d3744aaf1da9a519d9ae0bf51f6d78040cec52c87af.tar.gz", "AWSAccessKeyId": "ab00fcc889f248c495d2875f15a3badb", "policy": "eyJleHBpcmF0aW9uIjogIjIwMjMtMDUtMzFUMTY6MjI6NDNaIiwgImNvbmRpdGlvbnMiOiBbeyJidWNrZXQiOiAiY3JhYmNhY2hlX3Byb2QifSwgeyJrZXkiOiAiYWNhZ25vdHQvc2FuZGJveGVzLzFlNGY3NzcxOGFjZGE3ZTkyNjJhN2QzNzQ0YWFmMWRhOWE1MTlkOWFlMGJmNTFmNmQ3ODA0MGNlYzUyYzg3YWYudGFyLmd6In1dfQ==", "signature": "Hck/pQJfk/qVUGErUF4Q+zcGAgk="}
]}

 error:   % Total    % Received % Xferd  Average Speed   Time    Time     Time  Current
                                 Dload  Upload   Total   Spent    Left  Speed
  0     0    0     0    0     0      0      0 --:--:-- --:--:-- --:--:--     0*   Trying 188.185.89.202:8443...
* Connected to cmsweb.cern.ch (188.185.89.202) port 8443 (#0)
* ALPN, offering http/1.1
* Cipher selection: ALL:!EXPORT:!EXPORT40:!EXPORT56:!aNULL:!LOW:!RC4:@STRENGTH
* successfully set certificate verify locations:
*  CAfile: /etc/pki/tls/certs/ca-bundle.crt
*  CApath: /etc/grid-security/certificates/
* TLSv1.2 (OUT), TLS header, Certificate Status (22):
} [5 bytes data]
* TLSv1.2 (OUT), TLS handshake, Client hello (1):
} [512 bytes data]
* TLSv1.2 (IN), TLS handshake, Server hello (2):
{ [109 bytes data]
* TLSv1.2 (IN), TLS handshake, Certificate (11):
{ [6240 bytes data]
* TLSv1.2 (IN), TLS handshake, Server key exchange (12):
{ [333 bytes data]
* TLSv1.2 (IN), TLS handshake, Request CERT (13):
{ [13122 bytes data]
* TLSv1.2 (IN), TLS handshake, Server finished (14):
{ [4 bytes data]
* TLSv1.2 (OUT), TLS handshake, Certificate (11):
} [6807 bytes data]
* TLSv1.2 (OUT), TLS handshake, Client key exchange (16):
} [70 bytes data]
* TLSv1.2 (OUT), TLS handshake, CERT verify (15):
} [264 bytes data]
* TLSv1.2 (OUT), TLS change cipher, Change cipher spec (1):
} [1 bytes data]
* TLSv1.2 (OUT), TLS handshake, Finished (20):
} [16 bytes data]
* TLSv1.2 (IN), TLS change cipher, Change cipher spec (1):
{ [1 bytes data]
* TLSv1.2 (IN), TLS handshake, Finished (20):
{ [16 bytes data]
* SSL connection using TLSv1.2 / ECDHE-RSA-AES128-GCM-SHA256
* ALPN, server accepted to use http/1.1
* Server certificate:
*  subject: DC=ch; DC=cern; OU=computers; CN=cmsweb.cern.ch
*  start date: Feb 28 02:56:51 2023 GMT
*  expire date: Apr  3 02:56:51 2024 GMT
*  subjectAltName: host "cmsweb.cern.ch" matched cert's "cmsweb.cern.ch"
*  issuer: DC=ch; DC=cern; CN=CERN Grid Certification Authority
*  SSL certificate verify ok.
} [5 bytes data]
> GET /crabserver/prod/cache?subresource=upload&objecttype=sandbox&tarballname=1e4f77718acda7e9262a7d3744aaf1da9a519d9ae0bf51f6d78040cec52c87af.tar.gz HTTP/1.1
> Host: cmsweb.cern.ch:8443
> User-Agent: CRABClient/v3.230417
> Accept: */*
> Content-Length: 121
> Content-Type: application/x-www-form-urlencoded
> 
} [121 bytes data]
* Mark bundle as not supporting multiuse
< HTTP/1.1 200 OK
< Date: Wed, 31 May 2023 15:22:43 GMT
< Server: Apache
< Content-Type: application/json
< Content-Length: 521
< Vary: Accept
< Cache-Control: max-age=3600
< X-Rest-Status: 100
< Etag: "63d66a5ba85d99ac58f927cc9b60ddd849404316"
< X-Rest-Time: 34106.255 us
< CMS-Server-Time: D=42072 t=1685546563324547
< 
{ [5 bytes data]
100   642  100   521  100   121   9094   2112 --:--:-- --:--:-- --:--:-- 11263
* Connection #0 to host cmsweb.cern.ch left intact
{"result": [
 "https://s3.cern.ch/crabcache_prod"
,{"key": "acagnott/sandboxes/1e4f77718acda7e9262a7d3744aaf1da9a519d9ae0bf51f6d78040cec52c87af.tar.gz", "AWSAccessKeyId": "ab00fcc889f248c495d2875f15a3badb", "policy": "eyJleHBpcmF0aW9uIjogIjIwMjMtMDUtMzFUMTY6MjI6NDNaIiwgImNvbmRpdGlvbnMiOiBbeyJidWNrZXQiOiAiY3JhYmNhY2hlX3Byb2QifSwgeyJrZXkiOiAiYWNhZ25vdHQvc2FuZGJveGVzLzFlNGY3NzcxOGFjZGE3ZTkyNjJhN2QzNzQ0YWFmMWRhOWE1MTlkOWFlMGJmNTFmNmQ3ODA0MGNlYzUyYzg3YWYudGFyLmd6In1dfQ==", "signature": "Hck/pQJfk/qVUGErUF4Q+zcGAgk="}
]}

 retcode : 0
DEBUG 2023-05-31 15:22:43.369 UTC: 	 Will execute:
curl -f -v -X POST  -H "User-Agent: CRAB" -F "key=acagnott/sandboxes/1e4f77718acda7e9262a7d3744aaf1da9a519d9ae0bf51f6d78040cec52c87af.tar.gz" -F "AWSAccessKeyId=ab00fcc889f248c495d2875f15a3badb" -F "policy=eyJleHBpcmF0aW9uIjogIjIwMjMtMDUtMzFUMTY6MjI6NDNaIiwgImNvbmRpdGlvbnMiOiBbeyJidWNrZXQiOiAiY3JhYmNhY2hlX3Byb2QifSwgeyJrZXkiOiAiYWNhZ25vdHQvc2FuZGJveGVzLzFlNGY3NzcxOGFjZGE3ZTkyNjJhN2QzNzQ0YWFmMWRhOWE1MTlkOWFlMGJmNTFmNmQ3ODA0MGNlYzUyYzg3YWYudGFyLmd6In1dfQ==" -F "signature=Hck/pQJfk/qVUGErUF4Q+zcGAgk=" -F "file=@/afs/cern.ch/work/a/acagnott/CMSSW_12_4_7/src/PhysicsTools/NanoAODTools/crab/crab_DataHTF_2022/inputs/47e644cf-a961-4d2f-bc2f-e8d587893332default.tgz" "https://s3.cern.ch/crabcache_prod"
DEBUG 2023-05-31 15:22:45.074 UTC: 	 exitcode: 0
stdout: b''
DEBUG 2023-05-31 15:22:45.074 UTC: 	 sandbox /afs/cern.ch/work/a/acagnott/CMSSW_12_4_7/src/PhysicsTools/NanoAODTools/crab/crab_DataHTF_2022/inputs/47e644cf-a961-4d2f-bc2f-e8d587893332default.tgz successully uploaded to S3
DEBUG 2023-05-31 15:22:45.074 UTC: 	 Loading required information from the environment
DEBUG 2023-05-31 15:22:45.074 UTC: 	 Found CMSSW_12_4_7 for slc7_amd64_gcc10 with base /afs/cern.ch/work/a/acagnott/CMSSW_12_4_7
DEBUG 2023-05-31 15:22:45.074 UTC: 	 Making tarball in /afs/cern.ch/work/a/acagnott/CMSSW_12_4_7/src/PhysicsTools/NanoAODTools/crab/crab_DataHTF_2022/inputs/debugFiles.tgz
DEBUG 2023-05-31 15:22:45.083 UTC: 	 Uploading archive /afs/cern.ch/work/a/acagnott/CMSSW_12_4_7/src/PhysicsTools/NanoAODTools/crab/crab_DataHTF_2022/inputs/debugFiles.tgz (1 KB) to the CRAB cache. Using URI https://cmsweb.cern.ch/S3/crabcache_prod
DEBUG 2023-05-31 15:22:45.085 UTC: 	 Encoded data for curl request: subresource=upload&objecttype=sandbox&tarballname=9292ae0068c52f324d27fb6f5e63ea0020f8d9c80572a480b7f14322d803cae6.tar.gz
DEBUG 2023-05-31 15:22:45.086 UTC: 	 Executing command :
 curl -v -X GET -H "User-Agent: CRABClient/v3.230417" -H "Accept: */*" --data @/tmp/crab_curlData2rqs_6gh --cert "/tmp/x509up_u140541" --key "/tmp/x509up_u140541" --capath "/etc/grid-security/certificates/" "https://cmsweb.cern.ch:8443/crabserver/prod/cache?subresource=upload&objecttype=sandbox&tarballname=9292ae0068c52f324d27fb6f5e63ea0020f8d9c80572a480b7f14322d803cae6.tar.gz" | tee /dev/stderr 
DEBUG 2023-05-31 15:22:45.209 UTC: 	 output : {"result": [
 "https://s3.cern.ch/crabcache_prod"
,{"key": "acagnott/sandboxes/9292ae0068c52f324d27fb6f5e63ea0020f8d9c80572a480b7f14322d803cae6.tar.gz", "AWSAccessKeyId": "ab00fcc889f248c495d2875f15a3badb", "policy": "eyJleHBpcmF0aW9uIjogIjIwMjMtMDUtMzFUMTY6MjI6NDVaIiwgImNvbmRpdGlvbnMiOiBbeyJidWNrZXQiOiAiY3JhYmNhY2hlX3Byb2QifSwgeyJrZXkiOiAiYWNhZ25vdHQvc2FuZGJveGVzLzkyOTJhZTAwNjhjNTJmMzI0ZDI3ZmI2ZjVlNjNlYTAwMjBmOGQ5YzgwNTcyYTQ4MGI3ZjE0MzIyZDgwM2NhZTYudGFyLmd6In1dfQ==", "signature": "qn4iDlRxQoA7EhluX0CKORlHK/g="}
]}

 error:   % Total    % Received % Xferd  Average Speed   Time    Time     Time  Current
                                 Dload  Upload   Total   Spent    Left  Speed
  0     0    0     0    0     0      0      0 --:--:-- --:--:-- --:--:--     0*   Trying 188.185.89.202:8443...
* Connected to cmsweb.cern.ch (188.185.89.202) port 8443 (#0)
* ALPN, offering http/1.1
* Cipher selection: ALL:!EXPORT:!EXPORT40:!EXPORT56:!aNULL:!LOW:!RC4:@STRENGTH
* successfully set certificate verify locations:
*  CAfile: /etc/pki/tls/certs/ca-bundle.crt
*  CApath: /etc/grid-security/certificates/
* TLSv1.2 (OUT), TLS header, Certificate Status (22):
} [5 bytes data]
* TLSv1.2 (OUT), TLS handshake, Client hello (1):
} [512 bytes data]
* TLSv1.2 (IN), TLS handshake, Server hello (2):
{ [109 bytes data]
* TLSv1.2 (IN), TLS handshake, Certificate (11):
{ [6240 bytes data]
* TLSv1.2 (IN), TLS handshake, Server key exchange (12):
{ [333 bytes data]
* TLSv1.2 (IN), TLS handshake, Request CERT (13):
{ [13122 bytes data]
* TLSv1.2 (IN), TLS handshake, Server finished (14):
{ [4 bytes data]
* TLSv1.2 (OUT), TLS handshake, Certificate (11):
} [6807 bytes data]
* TLSv1.2 (OUT), TLS handshake, Client key exchange (16):
} [70 bytes data]
* TLSv1.2 (OUT), TLS handshake, CERT verify (15):
} [264 bytes data]
* TLSv1.2 (OUT), TLS change cipher, Change cipher spec (1):
} [1 bytes data]
* TLSv1.2 (OUT), TLS handshake, Finished (20):
} [16 bytes data]
* TLSv1.2 (IN), TLS change cipher, Change cipher spec (1):
{ [1 bytes data]
* TLSv1.2 (IN), TLS handshake, Finished (20):
{ [16 bytes data]
* SSL connection using TLSv1.2 / ECDHE-RSA-AES128-GCM-SHA256
* ALPN, server accepted to use http/1.1
* Server certificate:
*  subject: DC=ch; DC=cern; OU=computers; CN=cmsweb.cern.ch
*  start date: Feb 28 02:56:51 2023 GMT
*  expire date: Apr  3 02:56:51 2024 GMT
*  subjectAltName: host "cmsweb.cern.ch" matched cert's "cmsweb.cern.ch"
*  issuer: DC=ch; DC=cern; CN=CERN Grid Certification Authority
*  SSL certificate verify ok.
} [5 bytes data]
> GET /crabserver/prod/cache?subresource=upload&objecttype=sandbox&tarballname=9292ae0068c52f324d27fb6f5e63ea0020f8d9c80572a480b7f14322d803cae6.tar.gz HTTP/1.1
> Host: cmsweb.cern.ch:8443
> User-Agent: CRABClient/v3.230417
> Accept: */*
> Content-Length: 121
> Content-Type: application/x-www-form-urlencoded
> 
} [121 bytes data]
* Mark bundle as not supporting multiuse
< HTTP/1.1 200 OK
< Date: Wed, 31 May 2023 15:22:45 GMT
< Server: Apache
< Content-Type: application/json
< Content-Length: 521
< Vary: Accept
< Cache-Control: max-age=3600
< X-Rest-Status: 100
< Etag: "427922b52277649a3b80597d268257aa4f261992"
< X-Rest-Time: 53743.601 us
< CMS-Server-Time: D=92075 t=1685546565114487
< 
{ [5 bytes data]
100   642  100   521  100   121   4818   1119 --:--:-- --:--:-- --:--:--  5944
* Connection #0 to host cmsweb.cern.ch left intact
{"result": [
 "https://s3.cern.ch/crabcache_prod"
,{"key": "acagnott/sandboxes/9292ae0068c52f324d27fb6f5e63ea0020f8d9c80572a480b7f14322d803cae6.tar.gz", "AWSAccessKeyId": "ab00fcc889f248c495d2875f15a3badb", "policy": "eyJleHBpcmF0aW9uIjogIjIwMjMtMDUtMzFUMTY6MjI6NDVaIiwgImNvbmRpdGlvbnMiOiBbeyJidWNrZXQiOiAiY3JhYmNhY2hlX3Byb2QifSwgeyJrZXkiOiAiYWNhZ25vdHQvc2FuZGJveGVzLzkyOTJhZTAwNjhjNTJmMzI0ZDI3ZmI2ZjVlNjNlYTAwMjBmOGQ5YzgwNTcyYTQ4MGI3ZjE0MzIyZDgwM2NhZTYudGFyLmd6In1dfQ==", "signature": "qn4iDlRxQoA7EhluX0CKORlHK/g="}
]}

 retcode : 0
DEBUG 2023-05-31 15:22:45.209 UTC: 	 Will execute:
curl -f -v -X POST  -H "User-Agent: CRAB" -F "key=acagnott/sandboxes/9292ae0068c52f324d27fb6f5e63ea0020f8d9c80572a480b7f14322d803cae6.tar.gz" -F "AWSAccessKeyId=ab00fcc889f248c495d2875f15a3badb" -F "policy=eyJleHBpcmF0aW9uIjogIjIwMjMtMDUtMzFUMTY6MjI6NDVaIiwgImNvbmRpdGlvbnMiOiBbeyJidWNrZXQiOiAiY3JhYmNhY2hlX3Byb2QifSwgeyJrZXkiOiAiYWNhZ25vdHQvc2FuZGJveGVzLzkyOTJhZTAwNjhjNTJmMzI0ZDI3ZmI2ZjVlNjNlYTAwMjBmOGQ5YzgwNTcyYTQ4MGI3ZjE0MzIyZDgwM2NhZTYudGFyLmd6In1dfQ==" -F "signature=qn4iDlRxQoA7EhluX0CKORlHK/g=" -F "file=@/afs/cern.ch/work/a/acagnott/CMSSW_12_4_7/src/PhysicsTools/NanoAODTools/crab/crab_DataHTF_2022/inputs/debugFiles.tgz" "https://s3.cern.ch/crabcache_prod"
DEBUG 2023-05-31 15:22:45.244 UTC: 	 exitcode: 0
stdout: b''
DEBUG 2023-05-31 15:22:45.244 UTC: 	 sandbox /afs/cern.ch/work/a/acagnott/CMSSW_12_4_7/src/PhysicsTools/NanoAODTools/crab/crab_DataHTF_2022/inputs/debugFiles.tgz successully uploaded to S3
DEBUG 2023-05-31 15:22:45.244 UTC: 	 Result uploading input files: 1e4f77718acda7e9262a7d3744aaf1da9a519d9ae0bf51f6d78040cec52c87af.tar.gz 
INFO 2023-05-31 15:22:45.244 UTC: 	 Sending the request to the server at cmsweb.cern.ch
DEBUG 2023-05-31 15:22:45.244 UTC: 	 Submitting {'dryrun': 0, 'workflow': 'crab_DataHTF_2022', 'saveoutput': 1, 'savelogsflag': 1, 'inputdata': '/JetMET/Run2022F-PromptNanoAODv10_v1-v2/NANOAOD', 'primarydataset': '', 'nonvaliddata': 1, 'userfiles': [], 'dbsurl': 'https://cmsweb.cern.ch/dbs/prod/global/DBSReader', 'useparent': 0, 'ignorelocality': 0, 'splitalgo': 'LumiBased', 'algoargs': 500, 'totalunits': 0, 'lfn': '/store/user/acagnott/DM_Run3_v0', 'publication': 0, 'publishdbsurl': 'https://cmsweb.cern.ch/dbs/prod/phys03/DBSWriter', 'publishname2': 'DataHTF_2022', 'jobtype': 'Analysis', 'generator': 'pythia', 'addoutputfiles': [], 'maxjobruntime': 1250, 'numcores': 1, 'maxmemory': 2000, 'priority': 10, 'nonprodsw': 0, 'scriptexe': 'crab_script.sh', 'asyncdest': 'T2_IT_Pisa', 'requireaccelerator': 0, 'oneEventMode': 0, 'extrajdl': [], 'ignoreglobalblacklist': 0, 'partialdataset': 0, 'inputblocks': [], 'tfileoutfiles': [], 'edmoutfiles': ['tree_hadd.root'], 'jobarch': 'slc7_amd64_gcc10', 'jobsw': 'CMSSW_12_4_7', 'cacheurl': 'https://cmsweb.cern.ch/S3/crabcache_prod', 'cachefilename': '1e4f77718acda7e9262a7d3744aaf1da9a519d9ae0bf51f6d78040cec52c87af.tar.gz', 'debugfilename': '9292ae0068c52f324d27fb6f5e63ea0020f8d9c80572a480b7f14322d803cae6.tar.gz'} 
DEBUG 2023-05-31 15:22:45.245 UTC: 	 Encoded submit request: dryrun=0&workflow=crab_DataHTF_2022&saveoutput=1&savelogsflag=1&inputdata=%2FJetMET%2FRun2022F-PromptNanoAODv10_v1-v2%2FNANOAOD&primarydataset=&nonvaliddata=1&dbsurl=https%3A%2F%2Fcmsweb.cern.ch%2Fdbs%2Fprod%2Fglobal%2FDBSReader&useparent=0&ignorelocality=0&splitalgo=LumiBased&algoargs=500&totalunits=0&lfn=%2Fstore%2Fuser%2Facagnott%2FDM_Run3_v0&publication=0&publishdbsurl=https%3A%2F%2Fcmsweb.cern.ch%2Fdbs%2Fprod%2Fphys03%2FDBSWriter&publishname2=DataHTF_2022&jobtype=Analysis&generator=pythia&maxjobruntime=1250&numcores=1&maxmemory=2000&priority=10&nonprodsw=0&scriptexe=crab_script.sh&asyncdest=T2_IT_Pisa&requireaccelerator=0&oneEventMode=0&ignoreglobalblacklist=0&partialdataset=0&jobarch=slc7_amd64_gcc10&jobsw=CMSSW_12_4_7&cacheurl=https%3A%2F%2Fcmsweb.cern.ch%2FS3%2Fcrabcache_prod&cachefilename=1e4f77718acda7e9262a7d3744aaf1da9a519d9ae0bf51f6d78040cec52c87af.tar.gz&debugfilename=9292ae0068c52f324d27fb6f5e63ea0020f8d9c80572a480b7f14322d803cae6.tar.gz&edmoutfiles=tree_hadd.root
DEBUG 2023-05-31 15:22:45.245 UTC: 	 Encoded data for curl request: dryrun=0&workflow=crab_DataHTF_2022&saveoutput=1&savelogsflag=1&inputdata=%2FJetMET%2FRun2022F-PromptNanoAODv10_v1-v2%2FNANOAOD&primarydataset=&nonvaliddata=1&dbsurl=https%3A%2F%2Fcmsweb.cern.ch%2Fdbs%2Fprod%2Fglobal%2FDBSReader&useparent=0&ignorelocality=0&splitalgo=LumiBased&algoargs=500&totalunits=0&lfn=%2Fstore%2Fuser%2Facagnott%2FDM_Run3_v0&publication=0&publishdbsurl=https%3A%2F%2Fcmsweb.cern.ch%2Fdbs%2Fprod%2Fphys03%2FDBSWriter&publishname2=DataHTF_2022&jobtype=Analysis&generator=pythia&maxjobruntime=1250&numcores=1&maxmemory=2000&priority=10&nonprodsw=0&scriptexe=crab_script.sh&asyncdest=T2_IT_Pisa&requireaccelerator=0&oneEventMode=0&ignoreglobalblacklist=0&partialdataset=0&jobarch=slc7_amd64_gcc10&jobsw=CMSSW_12_4_7&cacheurl=https%3A%2F%2Fcmsweb.cern.ch%2FS3%2Fcrabcache_prod&cachefilename=1e4f77718acda7e9262a7d3744aaf1da9a519d9ae0bf51f6d78040cec52c87af.tar.gz&debugfilename=9292ae0068c52f324d27fb6f5e63ea0020f8d9c80572a480b7f14322d803cae6.tar.gz&edmoutfiles=tree_hadd.root
DEBUG 2023-05-31 15:22:45.245 UTC: 	 Executing command :
 curl -v -X PUT -H "User-Agent: CRABClient/v3.230417" -H "Accept: */*" --data @/tmp/crab_curlDatakl_blyy3 --cert "/tmp/x509up_u140541" --key "/tmp/x509up_u140541" --capath "/etc/grid-security/certificates/" "https://cmsweb.cern.ch:8443/crabserver/prod/workflow" | tee /dev/stderr 
DEBUG 2023-05-31 15:22:45.738 UTC: 	 output : {"result": [
 {"RequestName": "230531_152245:acagnott_crab_DataHTF_2022"}
]}

 error:   % Total    % Received % Xferd  Average Speed   Time    Time     Time  Current
                                 Dload  Upload   Total   Spent    Left  Speed
  0     0    0     0    0     0      0      0 --:--:-- --:--:-- --:--:--     0*   Trying 188.185.89.202:8443...
* Connected to cmsweb.cern.ch (188.185.89.202) port 8443 (#0)
* ALPN, offering http/1.1
* Cipher selection: ALL:!EXPORT:!EXPORT40:!EXPORT56:!aNULL:!LOW:!RC4:@STRENGTH
* successfully set certificate verify locations:
*  CAfile: /etc/pki/tls/certs/ca-bundle.crt
*  CApath: /etc/grid-security/certificates/
* TLSv1.2 (OUT), TLS header, Certificate Status (22):
} [5 bytes data]
* TLSv1.2 (OUT), TLS handshake, Client hello (1):
} [512 bytes data]
* TLSv1.2 (IN), TLS handshake, Server hello (2):
{ [109 bytes data]
* TLSv1.2 (IN), TLS handshake, Certificate (11):
{ [6240 bytes data]
* TLSv1.2 (IN), TLS handshake, Server key exchange (12):
{ [333 bytes data]
* TLSv1.2 (IN), TLS handshake, Request CERT (13):
{ [13122 bytes data]
* TLSv1.2 (IN), TLS handshake, Server finished (14):
{ [4 bytes data]
* TLSv1.2 (OUT), TLS handshake, Certificate (11):
} [6807 bytes data]
* TLSv1.2 (OUT), TLS handshake, Client key exchange (16):
} [70 bytes data]
* TLSv1.2 (OUT), TLS handshake, CERT verify (15):
} [264 bytes data]
* TLSv1.2 (OUT), TLS change cipher, Change cipher spec (1):
} [1 bytes data]
* TLSv1.2 (OUT), TLS handshake, Finished (20):
} [16 bytes data]
* TLSv1.2 (IN), TLS change cipher, Change cipher spec (1):
{ [1 bytes data]
* TLSv1.2 (IN), TLS handshake, Finished (20):
{ [16 bytes data]
* SSL connection using TLSv1.2 / ECDHE-RSA-AES128-GCM-SHA256
* ALPN, server accepted to use http/1.1
* Server certificate:
*  subject: DC=ch; DC=cern; OU=computers; CN=cmsweb.cern.ch
*  start date: Feb 28 02:56:51 2023 GMT
*  expire date: Apr  3 02:56:51 2024 GMT
*  subjectAltName: host "cmsweb.cern.ch" matched cert's "cmsweb.cern.ch"
*  issuer: DC=ch; DC=cern; CN=CERN Grid Certification Authority
*  SSL certificate verify ok.
} [5 bytes data]
> PUT /crabserver/prod/workflow HTTP/1.1
> Host: cmsweb.cern.ch:8443
> User-Agent: CRABClient/v3.230417
> Accept: */*
> Content-Length: 993
> Content-Type: application/x-www-form-urlencoded
> 
} [993 bytes data]
* Mark bundle as not supporting multiuse
< HTTP/1.1 200 OK
< Date: Wed, 31 May 2023 15:22:45 GMT
< Server: Apache
< Content-Type: application/json
< Content-Length: 77
< Vary: Accept
< X-Rest-Status: 100
< Etag: "cb39e4ab9d1e05118d953155f866571ad3ccb107"
< X-Rest-Time: 459403.753 us
< CMS-Server-Time: D=466323 t=1685546565269652
< 
 92  1070    0     0  100   993      0   2068 --:--:-- --:--:-- --:--:--  2068{ [5 bytes data]
100  1070  100    77  100   993    160   2068 --:--:-- --:--:-- --:--:--  2224
* Connection #0 to host cmsweb.cern.ch left intact
{"result": [
 {"RequestName": "230531_152245:acagnott_crab_DataHTF_2022"}
]}

 retcode : 0
DEBUG 2023-05-31 15:22:45.739 UTC: 	 Result: {'result': [{'RequestName': '230531_152245:acagnott_crab_DataHTF_2022'}]}
INFO 2023-05-31 15:22:45.746 UTC: 	 Success: Your task has been delivered to the prod CRAB3 server.
INFO 2023-05-31 15:22:45.746 UTC: 	 Task name: 230531_152245:acagnott_crab_DataHTF_2022
INFO 2023-05-31 15:22:45.746 UTC: 	 Project dir: ./crab_DataHTF_2022
INFO 2023-05-31 15:22:45.746 UTC: 	 Please use ' crab status -d ./crab_DataHTF_2022 ' to check how the submission process proceeds.
DEBUG 2023-05-31 15:22:45.746 UTC: 	 About to return
INFO 2023-05-31 15:22:45.748 UTC: 	 Log file is /afs/cern.ch/work/a/acagnott/CMSSW_12_4_7/src/PhysicsTools/NanoAODTools/crab/crab_DataHTF_2022/crab.log
DEBUG 2023-05-31 15:23:48.872 UTC: 	 CRAB Client version: v3.230417
DEBUG 2023-05-31 15:23:48.873 UTC: 	 Running on: Linux lxplus753.cern.ch 3.10.0-1160.88.1.el7.x86_64 #1 SMP Tue Mar 7 15:41:52 UTC 2023 x86_64 x86_64 x86_64 GNU/Linux - CentOS Linux 7 (Core)
DEBUG 2023-05-31 15:23:48.873 UTC: 	 Executing command: 'status'
DEBUG 2023-05-31 15:23:48.873 UTC: 	 Found CRAB cache file /afs/cern.ch/user/a/acagnott/.crab3
DEBUG 2023-05-31 15:23:48.882 UTC: 	 Checking credentials
DEBUG 2023-05-31 15:23:48.882 UTC: 	 Found proxy file /tmp/x509up_u140541
DEBUG 2023-05-31 15:23:48.882 UTC: 	 Making sure it has proper VOMS extension
DEBUG 2023-05-31 15:23:48.882 UTC: 	 Executing command :
 voms-proxy-info --vo --file /tmp/x509up_u140541
DEBUG 2023-05-31 15:23:49.285 UTC: 	 output : cms

 error: 
 retcode : 0
DEBUG 2023-05-31 15:23:49.286 UTC: 	 Getting proxy life time left
DEBUG 2023-05-31 15:23:49.286 UTC: 	 Executing command :
 voms-proxy-info --actimeleft --timeleft --file /tmp/x509up_u140541
DEBUG 2023-05-31 15:23:49.661 UTC: 	 output : 43056
43056

 error: 
 retcode : 0
DEBUG 2023-05-31 15:23:49.662 UTC: 	 Proxy valid for 11:57:36 hours
DEBUG 2023-05-31 15:23:49.678 UTC: 	 Encoded data for curl request: subresource=delegatedn
DEBUG 2023-05-31 15:23:49.678 UTC: 	 Executing command :
 curl -v -X GET -H "User-Agent: CRABClient/v3.230417" -H "Accept: */*" --data @/tmp/crab_curlData4y_d84vt --cert "/tmp/x509up_u140541" --key "/tmp/x509up_u140541" --capath "/etc/grid-security/certificates/" "https://cmsweb.cern.ch:8443/crabserver/prod/info?subresource=delegatedn" | tee /dev/stderr 
DEBUG 2023-05-31 15:23:49.716 UTC: 	 output : {"result": [
 {"services": ["/DC=ch/DC=cern/OU=computers/CN=crab-(preprod|prod|dev)-tw(01|02|03).cern.ch|/DC=ch/DC=cern/OU=computers/CN=stefanov(m|m2).cern.ch|/DC=ch/DC=cern/OU=computers/CN=dciangot-tw.cern.ch"]}
]}

 error:   % Total    % Received % Xferd  Average Speed   Time    Time     Time  Current
                                 Dload  Upload   Total   Spent    Left  Speed
  0     0    0     0    0     0      0      0 --:--:-- --:--:-- --:--:--     0*   Trying 188.185.89.202:8443...
* Connected to cmsweb.cern.ch (188.185.89.202) port 8443 (#0)
* ALPN, offering http/1.1
* Cipher selection: ALL:!EXPORT:!EXPORT40:!EXPORT56:!aNULL:!LOW:!RC4:@STRENGTH
* successfully set certificate verify locations:
*  CAfile: /etc/pki/tls/certs/ca-bundle.crt
*  CApath: /etc/grid-security/certificates/
* TLSv1.2 (OUT), TLS header, Certificate Status (22):
} [5 bytes data]
* TLSv1.2 (OUT), TLS handshake, Client hello (1):
} [512 bytes data]
* TLSv1.2 (IN), TLS handshake, Server hello (2):
{ [109 bytes data]
* TLSv1.2 (IN), TLS handshake, Certificate (11):
{ [6240 bytes data]
* TLSv1.2 (IN), TLS handshake, Server key exchange (12):
{ [333 bytes data]
* TLSv1.2 (IN), TLS handshake, Request CERT (13):
{ [13122 bytes data]
* TLSv1.2 (IN), TLS handshake, Server finished (14):
{ [4 bytes data]
* TLSv1.2 (OUT), TLS handshake, Certificate (11):
} [6807 bytes data]
* TLSv1.2 (OUT), TLS handshake, Client key exchange (16):
} [70 bytes data]
* TLSv1.2 (OUT), TLS handshake, CERT verify (15):
} [264 bytes data]
* TLSv1.2 (OUT), TLS change cipher, Change cipher spec (1):
} [1 bytes data]
* TLSv1.2 (OUT), TLS handshake, Finished (20):
} [16 bytes data]
* TLSv1.2 (IN), TLS change cipher, Change cipher spec (1):
{ [1 bytes data]
* TLSv1.2 (IN), TLS handshake, Finished (20):
{ [16 bytes data]
* SSL connection using TLSv1.2 / ECDHE-RSA-AES128-GCM-SHA256
* ALPN, server accepted to use http/1.1
* Server certificate:
*  subject: DC=ch; DC=cern; OU=computers; CN=cmsweb.cern.ch
*  start date: Feb 28 02:56:51 2023 GMT
*  expire date: Apr  3 02:56:51 2024 GMT
*  subjectAltName: host "cmsweb.cern.ch" matched cert's "cmsweb.cern.ch"
*  issuer: DC=ch; DC=cern; CN=CERN Grid Certification Authority
*  SSL certificate verify ok.
} [5 bytes data]
> GET /crabserver/prod/info?subresource=delegatedn HTTP/1.1
> Host: cmsweb.cern.ch:8443
> User-Agent: CRABClient/v3.230417
> Accept: */*
> Content-Length: 22
> Content-Type: application/x-www-form-urlencoded
> 
} [22 bytes data]
* Mark bundle as not supporting multiuse
< HTTP/1.1 200 OK
< Date: Wed, 31 May 2023 15:23:49 GMT
< Server: Apache
< Content-Type: application/json
< Content-Length: 216
< Vary: Accept
< Cache-Control: max-age=3600
< X-Rest-Status: 100
< Etag: "531fb58a933656ea08a7f418b273fdae3c95932a"
< X-Rest-Time: 2611.637 us
< CMS-Server-Time: D=9234 t=1685546629704962
< 
{ [5 bytes data]
100   238  100   216  100    22   9028    919 --:--:-- --:--:-- --:--:-- 10347
* Connection #0 to host cmsweb.cern.ch left intact
{"result": [
 {"services": ["/DC=ch/DC=cern/OU=computers/CN=crab-(preprod|prod|dev)-tw(01|02|03).cern.ch|/DC=ch/DC=cern/OU=computers/CN=stefanov(m|m2).cern.ch|/DC=ch/DC=cern/OU=computers/CN=dciangot-tw.cern.ch"]}
]}

 retcode : 0
DEBUG 2023-05-31 15:23:49.717 UTC: 	 Registering user credentials on myproxy for /DC=ch/DC=cern/OU=computers/CN=crab-(preprod|prod|dev)-tw(01|02|03).cern.ch|/DC=ch/DC=cern/OU=computers/CN=stefanov(m|m2).cern.ch|/DC=ch/DC=cern/OU=computers/CN=dciangot-tw.cern.ch
DEBUG 2023-05-31 15:23:49.717 UTC: 	 Executing command :
 voms-proxy-info --identity --file /tmp/x509up_u140541
DEBUG 2023-05-31 15:23:50.101 UTC: 	 output : /DC=ch/DC=cern/OU=Organic Units/OU=Users/CN=acagnott/CN=851987/CN=Antimo Cagnotta

 error: 
 retcode : 0
DEBUG 2023-05-31 15:23:50.101 UTC: 	 Getting myproxy life time left for 4fd53104c365551345582c80cf71c7dda8988104
DEBUG 2023-05-31 15:23:50.101 UTC: 	 Executing command :
 myproxy-info -s myproxy.cern.ch -l 4fd53104c365551345582c80cf71c7dda8988104
DEBUG 2023-05-31 15:23:50.314 UTC: 	 output : username: 4fd53104c365551345582c80cf71c7dda8988104
owner: /DC=ch/DC=cern/OU=Organic Units/OU=Users/CN=acagnott/CN=851987/CN=Antimo Cagnotta
  renewal policy: /DC=ch/DC=cern/OU=computers/CN=crab-(preprod|prod|dev)-tw(01|02|03).cern.ch|/DC=ch/DC=cern/OU=computers/CN=stefanov(m|m2).cern.ch|/DC=ch/DC=cern/OU=computers/CN=dciangot-tw.cern.ch
  trusted retrieval policy: /DC=ch/DC=cern/OU=computers/CN=crab-(preprod|prod|dev)-tw(01|02|03).cern.ch|/DC=ch/DC=cern/OU=computers/CN=stefanov(m|m2).cern.ch|/DC=ch/DC=cern/OU=computers/CN=dciangot-tw.cern.ch
  timeleft: 688:16:19  (28.7 days)

 error: 
 retcode : 0
DEBUG 2023-05-31 15:23:50.314 UTC: 	 Myproxy is valid: 2477760
DEBUG 2023-05-31 15:23:50.314 UTC: 	 Result of myproxy credential check:
  Credential exists on myproxy: username: 4fd53104c365551345582c80cf71c7dda8988104  - validity: 28 days, 16:16:00
DEBUG 2023-05-31 15:23:50.315 UTC: 	 Command use: status
DEBUG 2023-05-31 15:23:50.315 UTC: 	 Options use: ['-d', 'crab_DataHTF_2022']
DEBUG 2023-05-31 15:23:50.315 UTC: 	 Encoded data for curl request: subresource=version
DEBUG 2023-05-31 15:23:50.315 UTC: 	 Executing command :
 curl -v -X GET -H "User-Agent: CRABClient/v3.230417" -H "Accept: */*" --data @/tmp/crab_curlDatay7hnm2_k --cert "/tmp/x509up_u140541" --key "/tmp/x509up_u140541" --capath "/etc/grid-security/certificates/" "https://cmsweb.cern.ch:8443/crabserver/prod/info?subresource=version" | tee /dev/stderr 
DEBUG 2023-05-31 15:23:50.353 UTC: 	 output : {"result": [
 ["3.3.19", "3.3.20", "v3", "development", "v3.230504"]
]}

 error:   % Total    % Received % Xferd  Average Speed   Time    Time     Time  Current
                                 Dload  Upload   Total   Spent    Left  Speed
  0     0    0     0    0     0      0      0 --:--:-- --:--:-- --:--:--     0*   Trying 188.185.89.202:8443...
* Connected to cmsweb.cern.ch (188.185.89.202) port 8443 (#0)
* ALPN, offering http/1.1
* Cipher selection: ALL:!EXPORT:!EXPORT40:!EXPORT56:!aNULL:!LOW:!RC4:@STRENGTH
* successfully set certificate verify locations:
*  CAfile: /etc/pki/tls/certs/ca-bundle.crt
*  CApath: /etc/grid-security/certificates/
* TLSv1.2 (OUT), TLS header, Certificate Status (22):
} [5 bytes data]
* TLSv1.2 (OUT), TLS handshake, Client hello (1):
} [512 bytes data]
* TLSv1.2 (IN), TLS handshake, Server hello (2):
{ [109 bytes data]
* TLSv1.2 (IN), TLS handshake, Certificate (11):
{ [6240 bytes data]
* TLSv1.2 (IN), TLS handshake, Server key exchange (12):
{ [333 bytes data]
* TLSv1.2 (IN), TLS handshake, Request CERT (13):
{ [13122 bytes data]
* TLSv1.2 (IN), TLS handshake, Server finished (14):
{ [4 bytes data]
* TLSv1.2 (OUT), TLS handshake, Certificate (11):
} [6807 bytes data]
* TLSv1.2 (OUT), TLS handshake, Client key exchange (16):
} [70 bytes data]
* TLSv1.2 (OUT), TLS handshake, CERT verify (15):
} [264 bytes data]
* TLSv1.2 (OUT), TLS change cipher, Change cipher spec (1):
} [1 bytes data]
* TLSv1.2 (OUT), TLS handshake, Finished (20):
} [16 bytes data]
* TLSv1.2 (IN), TLS change cipher, Change cipher spec (1):
{ [1 bytes data]
* TLSv1.2 (IN), TLS handshake, Finished (20):
{ [16 bytes data]
* SSL connection using TLSv1.2 / ECDHE-RSA-AES128-GCM-SHA256
* ALPN, server accepted to use http/1.1
* Server certificate:
*  subject: DC=ch; DC=cern; OU=computers; CN=cmsweb.cern.ch
*  start date: Feb 28 02:56:51 2023 GMT
*  expire date: Apr  3 02:56:51 2024 GMT
*  subjectAltName: host "cmsweb.cern.ch" matched cert's "cmsweb.cern.ch"
*  issuer: DC=ch; DC=cern; CN=CERN Grid Certification Authority
*  SSL certificate verify ok.
} [5 bytes data]
> GET /crabserver/prod/info?subresource=version HTTP/1.1
> Host: cmsweb.cern.ch:8443
> User-Agent: CRABClient/v3.230417
> Accept: */*
> Content-Length: 19
> Content-Type: application/x-www-form-urlencoded
> 
} [19 bytes data]
* Mark bundle as not supporting multiuse
< HTTP/1.1 200 OK
< Date: Wed, 31 May 2023 15:23:50 GMT
< Server: Apache
< Content-Type: application/json
< Content-Length: 72
< Vary: Accept
< Cache-Control: max-age=3600
< X-Rest-Status: 100
< Etag: "63f3e3aba51685849350eabf1b77b9be151d379c"
< X-Rest-Time: 2549.171 us
< CMS-Server-Time: D=10089 t=1685546630340954
< 
{ [5 bytes data]
100    91  100    72  100    19   2992    789 --:--:-- --:--:-- --:--:--  3956
* Connection #0 to host cmsweb.cern.ch left intact
{"result": [
 ["3.3.19", "3.3.20", "v3", "development", "v3.230504"]
]}

 retcode : 0
DEBUG 2023-05-31 15:23:50.354 UTC: 	 CRABClient version: v3.230417
DEBUG 2023-05-31 15:23:50.354 UTC: 	 Instance is prod
DEBUG 2023-05-31 15:23:50.354 UTC: 	 Server base url is cmsweb.cern.ch
DEBUG 2023-05-31 15:23:50.354 UTC: 	 Command api workflow
DEBUG 2023-05-31 15:23:50.354 UTC: 	 Encoded data for curl request: subresource=search&workflow=230531_152245%3Aacagnott_crab_DataHTF_2022
DEBUG 2023-05-31 15:23:50.354 UTC: 	 Executing command :
 curl -v -X GET -H "User-Agent: CRABClient/v3.230417" -H "Accept: */*" --data @/tmp/crab_curlData602tz1pe --cert "/tmp/x509up_u140541" --key "/tmp/x509up_u140541" --capath "/etc/grid-security/certificates/" "https://cmsweb.cern.ch:8443/crabserver/prod/task?subresource=search&workflow=230531_152245%3Aacagnott_crab_DataHTF_2022" | tee /dev/stderr 
DEBUG 2023-05-31 15:23:50.407 UTC: 	 output : {"desc": {"columns": ["tm_taskname", "tm_activity", "panda_jobset_id", "tm_task_status", "tm_task_command", "tm_start_time", "tm_start_injection", "tm_end_injection", "tm_task_failure", "tm_job_sw", "tm_job_arch", "tm_input_dataset", "tm_nonvalid_input_dataset", "tm_use_parent", "tm_site_whitelist", "tm_site_blacklist", "tm_split_algo", "tm_split_args", "tm_user_sandbox", "tm_cache_url", "tm_username", "tm_user_dn", "tm_user_vo", "tm_user_role", "tm_user_group", "tm_publish_name", "tm_publish_groupname", "tm_asyncdest", "tm_dbs_url", "tm_publish_dbs_url", "tm_publication", "tm_outfiles", "tm_tfile_outfiles", "tm_edm_outfiles", "tm_job_type", "tm_generator", "tm_events_per_lumi", "tm_arguments", "panda_resubmitted_jobs", "tm_save_logs", "tw_name", "tm_user_infiles", "tm_maxjobruntime", "tm_numcores", "tm_maxmemory", "tm_priority", "tm_output_dataset", "tm_task_warnings", "tm_user_webdir", "tm_scriptexe", "tm_scriptargs", "tm_extrajdl", "tm_asourl", "tm_collector", "tm_schedd", "tm_dry_run", "tm_user_files", "tm_transfer_outputs", "tm_output_lfn", "tm_ignore_locality", "tm_fail_limit", "tm_one_event_mode", "tm_secondary_input_dataset", "tm_primary_dataset", "tm_last_publication", "tm_debug_files", "clusterid", "tm_asodb", "tm_ignore_global_blacklist", "tm_submitter_ip_addr", "tm_totalunits", "tm_ddm_reqid", "tm_user_config"]}, "result": [
 "230531_152245:acagnott_crab_DataHTF_2022"
,"None"
,"None"
,"SUBMITTED"
,"SUBMIT"
,"2023-05-31 15:22:45.732228"
,"None"
,"2023-05-31 15:23:37.970164"
,"None"
,"CMSSW_12_4_7"
,"slc7_amd64_gcc10"
,"/JetMET/Run2022F-PromptNanoAODv10_v1-v2/NANOAOD"
,"T"
,"0"
,"[]"
,"[]"
,"LumiBased"
,"{'halt_job_on_file_boundaries': False, 'splitOnRun': False, 'lumis_per_job': 500, 'runs': [], 'lumis': []}"
,"1e4f77718acda7e9262a7d3744aaf1da9a519d9ae0bf51f6d78040cec52c87af.tar.gz"
,"https://cmsweb.cern.ch/S3/crabcache_prod"
,"acagnott"
,"/DC=ch/DC=cern/OU=Organic Units/OU=Users/CN=acagnott/CN=851987/CN=Antimo Cagnotta"
,"cms"
,"None"
,"None"
,"DataHTF_2022-00000000000000000000000000000000"
,"F"
,"T2_IT_Pisa"
,"https://cmsweb.cern.ch/dbs/prod/global/DBSReader"
,"https://cmsweb.cern.ch/dbs/prod/phys03/DBSWriter"
,"F"
,"[]"
,"[]"
,"['tree_hadd.root']"
,"Analysis"
,"pythia"
,"None"
,"{}"
,"None"
,"T"
,"crab-prod-tw01"
,"[]"
,"1250"
,"1"
,"2000"
,"10"
,"None"
,"[]"
,"http://vocms0121.cern.ch/mon/acagnott/230531_152245:acagnott_crab_DataHTF_2022"
,"crab_script.sh"
,"[]"
,"[]"
,"None"
,"cmsgwms-collector-global.cern.ch:9620,cmsgwms-collector-global.fnal.gov:9620"
,"crab3@vocms0121.cern.ch"
,"F"
,"[]"
,"T"
,"/store/user/acagnott/DM_Run3_v0"
,"F"
,"None"
,"F"
,"None"
,"JetMET"
,"None"
,"9292ae0068c52f324d27fb6f5e63ea0020f8d9c80572a480b7f14322d803cae6.tar.gz"
,"92059757"
,"None"
,"F"
,"188.185.89.202"
,"0.0"
,"None"
,"{\"partialdataset\": false, \"requireaccelerator\": false, \"acceleratorparams\": null, \"inputblocks\": null}"
]}

 error:   % Total    % Received % Xferd  Average Speed   Time    Time     Time  Current
                                 Dload  Upload   Total   Spent    Left  Speed
  0     0    0     0    0     0      0      0 --:--:-- --:--:-- --:--:--     0*   Trying 188.185.89.202:8443...
* Connected to cmsweb.cern.ch (188.185.89.202) port 8443 (#0)
* ALPN, offering http/1.1
* Cipher selection: ALL:!EXPORT:!EXPORT40:!EXPORT56:!aNULL:!LOW:!RC4:@STRENGTH
* successfully set certificate verify locations:
*  CAfile: /etc/pki/tls/certs/ca-bundle.crt
*  CApath: /etc/grid-security/certificates/
* TLSv1.2 (OUT), TLS header, Certificate Status (22):
} [5 bytes data]
* TLSv1.2 (OUT), TLS handshake, Client hello (1):
} [512 bytes data]
* TLSv1.2 (IN), TLS handshake, Server hello (2):
{ [109 bytes data]
* TLSv1.2 (IN), TLS handshake, Certificate (11):
{ [6240 bytes data]
* TLSv1.2 (IN), TLS handshake, Server key exchange (12):
{ [333 bytes data]
* TLSv1.2 (IN), TLS handshake, Request CERT (13):
{ [13122 bytes data]
* TLSv1.2 (IN), TLS handshake, Server finished (14):
{ [4 bytes data]
* TLSv1.2 (OUT), TLS handshake, Certificate (11):
} [6807 bytes data]
* TLSv1.2 (OUT), TLS handshake, Client key exchange (16):
} [70 bytes data]
* TLSv1.2 (OUT), TLS handshake, CERT verify (15):
} [264 bytes data]
* TLSv1.2 (OUT), TLS change cipher, Change cipher spec (1):
} [1 bytes data]
* TLSv1.2 (OUT), TLS handshake, Finished (20):
} [16 bytes data]
* TLSv1.2 (IN), TLS change cipher, Change cipher spec (1):
{ [1 bytes data]
* TLSv1.2 (IN), TLS handshake, Finished (20):
{ [16 bytes data]
* SSL connection using TLSv1.2 / ECDHE-RSA-AES128-GCM-SHA256
* ALPN, server accepted to use http/1.1
* Server certificate:
*  subject: DC=ch; DC=cern; OU=computers; CN=cmsweb.cern.ch
*  start date: Feb 28 02:56:51 2023 GMT
*  expire date: Apr  3 02:56:51 2024 GMT
*  subjectAltName: host "cmsweb.cern.ch" matched cert's "cmsweb.cern.ch"
*  issuer: DC=ch; DC=cern; CN=CERN Grid Certification Authority
*  SSL certificate verify ok.
} [5 bytes data]
> GET /crabserver/prod/task?subresource=search&workflow=230531_152245%3Aacagnott_crab_DataHTF_2022 HTTP/1.1
> Host: cmsweb.cern.ch:8443
> User-Agent: CRABClient/v3.230417
> Accept: */*
> Content-Length: 70
> Content-Type: application/x-www-form-urlencoded
> 
} [70 bytes data]
* Mark bundle as not supporting multiuse
< HTTP/1.1 200 OK
< Date: Wed, 31 May 2023 15:23:50 GMT
< Server: Apache
< Content-Type: application/json
< Content-Length: 2886
< Vary: Accept
< Cache-Control: max-age=3600
< X-Rest-Status: 100
< Etag: "4328d82e158e10a872ac8cd64ee7ca644a93f1f3"
< X-Rest-Time: 12808.800 us
< CMS-Server-Time: D=20424 t=1685546630384706
< 
{ [5 bytes data]
100  2956  100  2886  100    70  83410   2023 --:--:-- --:--:-- --:--:-- 86941
* Connection #0 to host cmsweb.cern.ch left intact
{"desc": {"columns": ["tm_taskname", "tm_activity", "panda_jobset_id", "tm_task_status", "tm_task_command", "tm_start_time", "tm_start_injection", "tm_end_injection", "tm_task_failure", "tm_job_sw", "tm_job_arch", "tm_input_dataset", "tm_nonvalid_input_dataset", "tm_use_parent", "tm_site_whitelist", "tm_site_blacklist", "tm_split_algo", "tm_split_args", "tm_user_sandbox", "tm_cache_url", "tm_username", "tm_user_dn", "tm_user_vo", "tm_user_role", "tm_user_group", "tm_publish_name", "tm_publish_groupname", "tm_asyncdest", "tm_dbs_url", "tm_publish_dbs_url", "tm_publication", "tm_outfiles", "tm_tfile_outfiles", "tm_edm_outfiles", "tm_job_type", "tm_generator", "tm_events_per_lumi", "tm_arguments", "panda_resubmitted_jobs", "tm_save_logs", "tw_name", "tm_user_infiles", "tm_maxjobruntime", "tm_numcores", "tm_maxmemory", "tm_priority", "tm_output_dataset", "tm_task_warnings", "tm_user_webdir", "tm_scriptexe", "tm_scriptargs", "tm_extrajdl", "tm_asourl", "tm_collector", "tm_schedd", "tm_dry_run", "tm_user_files", "tm_transfer_outputs", "tm_output_lfn", "tm_ignore_locality", "tm_fail_limit", "tm_one_event_mode", "tm_secondary_input_dataset", "tm_primary_dataset", "tm_last_publication", "tm_debug_files", "clusterid", "tm_asodb", "tm_ignore_global_blacklist", "tm_submitter_ip_addr", "tm_totalunits", "tm_ddm_reqid", "tm_user_config"]}, "result": [
 "230531_152245:acagnott_crab_DataHTF_2022"
,"None"
,"None"
,"SUBMITTED"
,"SUBMIT"
,"2023-05-31 15:22:45.732228"
,"None"
,"2023-05-31 15:23:37.970164"
,"None"
,"CMSSW_12_4_7"
,"slc7_amd64_gcc10"
,"/JetMET/Run2022F-PromptNanoAODv10_v1-v2/NANOAOD"
,"T"
,"0"
,"[]"
,"[]"
,"LumiBased"
,"{'halt_job_on_file_boundaries': False, 'splitOnRun': False, 'lumis_per_job': 500, 'runs': [], 'lumis': []}"
,"1e4f77718acda7e9262a7d3744aaf1da9a519d9ae0bf51f6d78040cec52c87af.tar.gz"
,"https://cmsweb.cern.ch/S3/crabcache_prod"
,"acagnott"
,"/DC=ch/DC=cern/OU=Organic Units/OU=Users/CN=acagnott/CN=851987/CN=Antimo Cagnotta"
,"cms"
,"None"
,"None"
,"DataHTF_2022-00000000000000000000000000000000"
,"F"
,"T2_IT_Pisa"
,"https://cmsweb.cern.ch/dbs/prod/global/DBSReader"
,"https://cmsweb.cern.ch/dbs/prod/phys03/DBSWriter"
,"F"
,"[]"
,"[]"
,"['tree_hadd.root']"
,"Analysis"
,"pythia"
,"None"
,"{}"
,"None"
,"T"
,"crab-prod-tw01"
,"[]"
,"1250"
,"1"
,"2000"
,"10"
,"None"
,"[]"
,"http://vocms0121.cern.ch/mon/acagnott/230531_152245:acagnott_crab_DataHTF_2022"
,"crab_script.sh"
,"[]"
,"[]"
,"None"
,"cmsgwms-collector-global.cern.ch:9620,cmsgwms-collector-global.fnal.gov:9620"
,"crab3@vocms0121.cern.ch"
,"F"
,"[]"
,"T"
,"/store/user/acagnott/DM_Run3_v0"
,"F"
,"None"
,"F"
,"None"
,"JetMET"
,"None"
,"9292ae0068c52f324d27fb6f5e63ea0020f8d9c80572a480b7f14322d803cae6.tar.gz"
,"92059757"
,"None"
,"F"
,"188.185.89.202"
,"0.0"
,"None"
,"{\"partialdataset\": false, \"requireaccelerator\": false, \"acceleratorparams\": null, \"inputblocks\": null}"
]}

 retcode : 0
DEBUG 2023-05-31 15:23:50.408 UTC: 	 Got information from server oracle database: {'desc': {'columns': ['tm_taskname', 'tm_activity', 'panda_jobset_id', 'tm_task_status', 'tm_task_command', 'tm_start_time', 'tm_start_injection', 'tm_end_injection', 'tm_task_failure', 'tm_job_sw', 'tm_job_arch', 'tm_input_dataset', 'tm_nonvalid_input_dataset', 'tm_use_parent', 'tm_site_whitelist', 'tm_site_blacklist', 'tm_split_algo', 'tm_split_args', 'tm_user_sandbox', 'tm_cache_url', 'tm_username', 'tm_user_dn', 'tm_user_vo', 'tm_user_role', 'tm_user_group', 'tm_publish_name', 'tm_publish_groupname', 'tm_asyncdest', 'tm_dbs_url', 'tm_publish_dbs_url', 'tm_publication', 'tm_outfiles', 'tm_tfile_outfiles', 'tm_edm_outfiles', 'tm_job_type', 'tm_generator', 'tm_events_per_lumi', 'tm_arguments', 'panda_resubmitted_jobs', 'tm_save_logs', 'tw_name', 'tm_user_infiles', 'tm_maxjobruntime', 'tm_numcores', 'tm_maxmemory', 'tm_priority', 'tm_output_dataset', 'tm_task_warnings', 'tm_user_webdir', 'tm_scriptexe', 'tm_scriptargs', 'tm_extrajdl', 'tm_asourl', 'tm_collector', 'tm_schedd', 'tm_dry_run', 'tm_user_files', 'tm_transfer_outputs', 'tm_output_lfn', 'tm_ignore_locality', 'tm_fail_limit', 'tm_one_event_mode', 'tm_secondary_input_dataset', 'tm_primary_dataset', 'tm_last_publication', 'tm_debug_files', 'clusterid', 'tm_asodb', 'tm_ignore_global_blacklist', 'tm_submitter_ip_addr', 'tm_totalunits', 'tm_ddm_reqid', 'tm_user_config']}, 'result': ['230531_152245:acagnott_crab_DataHTF_2022', 'None', 'None', 'SUBMITTED', 'SUBMIT', '2023-05-31 15:22:45.732228', 'None', '2023-05-31 15:23:37.970164', 'None', 'CMSSW_12_4_7', 'slc7_amd64_gcc10', '/JetMET/Run2022F-PromptNanoAODv10_v1-v2/NANOAOD', 'T', '0', '[]', '[]', 'LumiBased', "{'halt_job_on_file_boundaries': False, 'splitOnRun': False, 'lumis_per_job': 500, 'runs': [], 'lumis': []}", '1e4f77718acda7e9262a7d3744aaf1da9a519d9ae0bf51f6d78040cec52c87af.tar.gz', 'https://cmsweb.cern.ch/S3/crabcache_prod', 'acagnott', '/DC=ch/DC=cern/OU=Organic Units/OU=Users/CN=acagnott/CN=851987/CN=Antimo Cagnotta', 'cms', 'None', 'None', 'DataHTF_2022-00000000000000000000000000000000', 'F', 'T2_IT_Pisa', 'https://cmsweb.cern.ch/dbs/prod/global/DBSReader', 'https://cmsweb.cern.ch/dbs/prod/phys03/DBSWriter', 'F', '[]', '[]', "['tree_hadd.root']", 'Analysis', 'pythia', 'None', '{}', 'None', 'T', 'crab-prod-tw01', '[]', '1250', '1', '2000', '10', 'None', '[]', 'http://vocms0121.cern.ch/mon/acagnott/230531_152245:acagnott_crab_DataHTF_2022', 'crab_script.sh', '[]', '[]', 'None', 'cmsgwms-collector-global.cern.ch:9620,cmsgwms-collector-global.fnal.gov:9620', 'crab3@vocms0121.cern.ch', 'F', '[]', 'T', '/store/user/acagnott/DM_Run3_v0', 'F', 'None', 'F', 'None', 'JetMET', 'None', '9292ae0068c52f324d27fb6f5e63ea0020f8d9c80572a480b7f14322d803cae6.tar.gz', '92059757', 'None', 'F', '188.185.89.202', '0.0', 'None', '{"partialdataset": false, "requireaccelerator": false, "acceleratorparams": null, "inputblocks": null}']}
INFO 2023-05-31 15:23:50.408 UTC: 	 CRAB project directory:		/afs/cern.ch/work/a/acagnott/CMSSW_12_4_7/src/PhysicsTools/NanoAODTools/crab/crab_DataHTF_2022
INFO 2023-05-31 15:23:50.408 UTC: 	 Task name:			230531_152245:acagnott_crab_DataHTF_2022
INFO 2023-05-31 15:23:50.408 UTC: 	 Grid scheduler - Task Worker:	crab3@vocms0121.cern.ch - crab-prod-tw01
INFO 2023-05-31 15:23:50.408 UTC: 	 Status on the CRAB server:	SUBMITTED
INFO 2023-05-31 15:23:50.408 UTC: 	 Task URL to use for HELP:	https://cmsweb.cern.ch/crabserver/ui/task/230531_152245%3Aacagnott_crab_DataHTF_2022
INFO 2023-05-31 15:23:50.415 UTC: 	 Dashboard monitoring URL:	https://monit-grafana.cern.ch/d/cmsTMDetail/cms-task-monitoring-task-view?orgId=11&var-user=acagnott&var-task=230531_152245%3Aacagnott_crab_DataHTF_2022&from=1685542965000&to=now
DEBUG 2023-05-31 15:23:50.415 UTC: 	 The CRAB server submitted your task to the Grid scheduler (cluster ID: 92059757)
DEBUG 2023-05-31 15:23:50.415 UTC: 	 Webdir is located at http://vocms0121.cern.ch/mon/acagnott/230531_152245:acagnott_crab_DataHTF_2022
DEBUG 2023-05-31 15:23:50.415 UTC: 	 Encoded data for curl request: subresource=webdirprx&workflow=230531_152245%3Aacagnott_crab_DataHTF_2022
DEBUG 2023-05-31 15:23:50.415 UTC: 	 Executing command :
 curl -v -X GET -H "User-Agent: CRABClient/v3.230417" -H "Accept: */*" --data @/tmp/crab_curlDataygwdyfeb --cert "/tmp/x509up_u140541" --key "/tmp/x509up_u140541" --capath "/etc/grid-security/certificates/" "https://cmsweb.cern.ch:8443/crabserver/prod/task?subresource=webdirprx&workflow=230531_152245%3Aacagnott_crab_DataHTF_2022" | tee /dev/stderr 
DEBUG 2023-05-31 15:23:50.452 UTC: 	 output : {"result": [
 "https://cmsweb.cern.ch:8443/scheddmon/0121/acagnott/230531_152245:acagnott_crab_DataHTF_2022"
]}

 error:   % Total    % Received % Xferd  Average Speed   Time    Time     Time  Current
                                 Dload  Upload   Total   Spent    Left  Speed
  0     0    0     0    0     0      0      0 --:--:-- --:--:-- --:--:--     0*   Trying 188.185.89.202:8443...
* Connected to cmsweb.cern.ch (188.185.89.202) port 8443 (#0)
* ALPN, offering http/1.1
* Cipher selection: ALL:!EXPORT:!EXPORT40:!EXPORT56:!aNULL:!LOW:!RC4:@STRENGTH
* successfully set certificate verify locations:
*  CAfile: /etc/pki/tls/certs/ca-bundle.crt
*  CApath: /etc/grid-security/certificates/
* TLSv1.2 (OUT), TLS header, Certificate Status (22):
} [5 bytes data]
* TLSv1.2 (OUT), TLS handshake, Client hello (1):
} [512 bytes data]
* TLSv1.2 (IN), TLS handshake, Server hello (2):
{ [109 bytes data]
* TLSv1.2 (IN), TLS handshake, Certificate (11):
{ [6240 bytes data]
* TLSv1.2 (IN), TLS handshake, Server key exchange (12):
{ [333 bytes data]
* TLSv1.2 (IN), TLS handshake, Request CERT (13):
{ [13122 bytes data]
* TLSv1.2 (IN), TLS handshake, Server finished (14):
{ [4 bytes data]
* TLSv1.2 (OUT), TLS handshake, Certificate (11):
} [6807 bytes data]
* TLSv1.2 (OUT), TLS handshake, Client key exchange (16):
} [70 bytes data]
* TLSv1.2 (OUT), TLS handshake, CERT verify (15):
} [264 bytes data]
* TLSv1.2 (OUT), TLS change cipher, Change cipher spec (1):
} [1 bytes data]
* TLSv1.2 (OUT), TLS handshake, Finished (20):
} [16 bytes data]
* TLSv1.2 (IN), TLS change cipher, Change cipher spec (1):
{ [1 bytes data]
* TLSv1.2 (IN), TLS handshake, Finished (20):
{ [16 bytes data]
* SSL connection using TLSv1.2 / ECDHE-RSA-AES128-GCM-SHA256
* ALPN, server accepted to use http/1.1
* Server certificate:
*  subject: DC=ch; DC=cern; OU=computers; CN=cmsweb.cern.ch
*  start date: Feb 28 02:56:51 2023 GMT
*  expire date: Apr  3 02:56:51 2024 GMT
*  subjectAltName: host "cmsweb.cern.ch" matched cert's "cmsweb.cern.ch"
*  issuer: DC=ch; DC=cern; CN=CERN Grid Certification Authority
*  SSL certificate verify ok.
} [5 bytes data]
> GET /crabserver/prod/task?subresource=webdirprx&workflow=230531_152245%3Aacagnott_crab_DataHTF_2022 HTTP/1.1
> Host: cmsweb.cern.ch:8443
> User-Agent: CRABClient/v3.230417
> Accept: */*
> Content-Length: 73
> Content-Type: application/x-www-form-urlencoded
> 
} [73 bytes data]
* Mark bundle as not supporting multiuse
< HTTP/1.1 200 OK
< Date: Wed, 31 May 2023 15:23:50 GMT
< Server: Apache
< Content-Type: application/json
< Content-Length: 112
< Vary: Accept
< Cache-Control: max-age=3600
< X-Rest-Status: 100
< Etag: "81ab4ab3aba387455165b368fde931070ea22504"
< X-Rest-Time: 3955.364 us
< CMS-Server-Time: D=10252 t=1685546630440134
< 
{ [5 bytes data]
100   185  100   112  100    73   4541   2959 --:--:-- --:--:-- --:--:--  7708
* Connection #0 to host cmsweb.cern.ch left intact
{"result": [
 "https://cmsweb.cern.ch:8443/scheddmon/0121/acagnott/230531_152245:acagnott_crab_DataHTF_2022"
]}

 retcode : 0
DEBUG 2023-05-31 15:23:50.453 UTC: 	 Proxied webdir is located at https://cmsweb.cern.ch:8443/scheddmon/0121/acagnott/230531_152245:acagnott_crab_DataHTF_2022
DEBUG 2023-05-31 15:23:50.453 UTC: 	 Retrieving 'status_cache' file from https://cmsweb.cern.ch:8443/scheddmon/0121/acagnott/230531_152245:acagnott_crab_DataHTF_2022/status_cache.pkl
DEBUG 2023-05-31 15:23:50.453 UTC: 	 Will execute:
curl -sS --capath /etc/grid-security/certificates --cert /tmp/x509up_u140541 --key /tmp/x509up_u140541 -o /tmp/crab_status-cache-niavjoso.pkl -w %"{http_code}" "https://cmsweb.cern.ch:8443/scheddmon/0121/acagnott/230531_152245:acagnott_crab_DataHTF_2022/status_cache.pkl"
DEBUG 2023-05-31 15:23:50.453 UTC: 	 Executing command :
 curl -sS --capath /etc/grid-security/certificates --cert /tmp/x509up_u140541 --key /tmp/x509up_u140541 -o /tmp/crab_status-cache-niavjoso.pkl -w %"{http_code}" "https://cmsweb.cern.ch:8443/scheddmon/0121/acagnott/230531_152245:acagnott_crab_DataHTF_2022/status_cache.pkl"
DEBUG 2023-05-31 15:23:50.497 UTC: 	 output : 200
 error: 
 retcode : 0
DEBUG 2023-05-31 15:23:50.498 UTC: 	 exitcode: 0
stdout: 200
stderr: 
error details: 
INFO 2023-05-31 15:23:50.498 UTC: 	 Task bootstrapped at 2023-05-31 15:23:44 UTC. 6 seconds ago
INFO 2023-05-31 15:23:50.498 UTC: 	 Status information will be available within a few minutes
INFO 2023-05-31 15:23:50.503 UTC: 	 Log file is /afs/cern.ch/work/a/acagnott/CMSSW_12_4_7/src/PhysicsTools/NanoAODTools/crab/crab_DataHTF_2022/crab.log
